<?xml version="1.0" encoding="UTF-8"?>
<testsuite xmlns:xsi="http://www.w3.org/2001/XMLSchema-instance" xsi:noNamespaceSchemaLocation="https://maven.apache.org/surefire/maven-surefire-plugin/xsd/surefire-test-report.xsd" name="top.baixiaosheng.mygraduationserver.AppTest" time="0.041" tests="1" errors="0" skipped="0" failures="0">
  <properties>
    <property name="sun.desktop" value="windows"/>
    <property name="awt.toolkit" value="sun.awt.windows.WToolkit"/>
    <property name="java.specification.version" value="12"/>
    <property name="sun.cpu.isalist" value="amd64"/>
    <property name="sun.jnu.encoding" value="GBK"/>
    <property name="java.class.path" value="E:\Android\MyGraduationServer\target\test-classes;E:\Android\MyGraduationServer\target\classes;G:\IDEA\maven\repository\junit\junit\4.11\junit-4.11.jar;G:\IDEA\maven\repository\org\hamcrest\hamcrest-core\1.3\hamcrest-core-1.3.jar;G:\IDEA\maven\repository\com\sun\mail\javax.mail\1.6.2\javax.mail-1.6.2.jar;G:\IDEA\maven\repository\javax\activation\activation\1.1\activation-1.1.jar;G:\IDEA\maven\repository\org\springframework\boot\spring-boot-starter-web\2.1.4.RELEASE\spring-boot-starter-web-2.1.4.RELEASE.jar;G:\IDEA\maven\repository\org\springframework\boot\spring-boot-starter\2.1.4.RELEASE\spring-boot-starter-2.1.4.RELEASE.jar;G:\IDEA\maven\repository\org\springframework\boot\spring-boot\2.1.4.RELEASE\spring-boot-2.1.4.RELEASE.jar;G:\IDEA\maven\repository\org\springframework\boot\spring-boot-autoconfigure\2.1.4.RELEASE\spring-boot-autoconfigure-2.1.4.RELEASE.jar;G:\IDEA\maven\repository\org\springframework\boot\spring-boot-starter-logging\2.1.4.RELEASE\spring-boot-starter-logging-2.1.4.RELEASE.jar;G:\IDEA\maven\repository\ch\qos\logback\logback-classic\1.2.3\logback-classic-1.2.3.jar;G:\IDEA\maven\repository\ch\qos\logback\logback-core\1.2.3\logback-core-1.2.3.jar;G:\IDEA\maven\repository\org\apache\logging\log4j\log4j-to-slf4j\2.11.2\log4j-to-slf4j-2.11.2.jar;G:\IDEA\maven\repository\org\apache\logging\log4j\log4j-api\2.11.2\log4j-api-2.11.2.jar;G:\IDEA\maven\repository\org\slf4j\jul-to-slf4j\1.7.26\jul-to-slf4j-1.7.26.jar;G:\IDEA\maven\repository\javax\annotation\javax.annotation-api\1.3.2\javax.annotation-api-1.3.2.jar;G:\IDEA\maven\repository\org\springframework\spring-core\5.1.6.RELEASE\spring-core-5.1.6.RELEASE.jar;G:\IDEA\maven\repository\org\springframework\spring-jcl\5.1.6.RELEASE\spring-jcl-5.1.6.RELEASE.jar;G:\IDEA\maven\repository\org\yaml\snakeyaml\1.23\snakeyaml-1.23.jar;G:\IDEA\maven\repository\org\springframework\boot\spring-boot-starter-json\2.1.4.RELEASE\spring-boot-starter-json-2.1.4.RELEASE.jar;G:\IDEA\maven\repository\com\fasterxml\jackson\core\jackson-databind\2.9.8\jackson-databind-2.9.8.jar;G:\IDEA\maven\repository\com\fasterxml\jackson\core\jackson-annotations\2.9.0\jackson-annotations-2.9.0.jar;G:\IDEA\maven\repository\com\fasterxml\jackson\core\jackson-core\2.9.8\jackson-core-2.9.8.jar;G:\IDEA\maven\repository\com\fasterxml\jackson\datatype\jackson-datatype-jdk8\2.9.8\jackson-datatype-jdk8-2.9.8.jar;G:\IDEA\maven\repository\com\fasterxml\jackson\datatype\jackson-datatype-jsr310\2.9.8\jackson-datatype-jsr310-2.9.8.jar;G:\IDEA\maven\repository\com\fasterxml\jackson\module\jackson-module-parameter-names\2.9.8\jackson-module-parameter-names-2.9.8.jar;G:\IDEA\maven\repository\org\springframework\boot\spring-boot-starter-tomcat\2.1.4.RELEASE\spring-boot-starter-tomcat-2.1.4.RELEASE.jar;G:\IDEA\maven\repository\org\apache\tomcat\embed\tomcat-embed-core\9.0.17\tomcat-embed-core-9.0.17.jar;G:\IDEA\maven\repository\org\apache\tomcat\embed\tomcat-embed-el\9.0.17\tomcat-embed-el-9.0.17.jar;G:\IDEA\maven\repository\org\apache\tomcat\embed\tomcat-embed-websocket\9.0.17\tomcat-embed-websocket-9.0.17.jar;G:\IDEA\maven\repository\org\springframework\spring-web\5.1.6.RELEASE\spring-web-5.1.6.RELEASE.jar;G:\IDEA\maven\repository\org\springframework\spring-beans\5.1.6.RELEASE\spring-beans-5.1.6.RELEASE.jar;G:\IDEA\maven\repository\org\springframework\spring-webmvc\5.1.6.RELEASE\spring-webmvc-5.1.6.RELEASE.jar;G:\IDEA\maven\repository\org\springframework\spring-aop\5.1.6.RELEASE\spring-aop-5.1.6.RELEASE.jar;G:\IDEA\maven\repository\org\springframework\spring-context\5.1.6.RELEASE\spring-context-5.1.6.RELEASE.jar;G:\IDEA\maven\repository\org\springframework\spring-expression\5.1.6.RELEASE\spring-expression-5.1.6.RELEASE.jar;G:\IDEA\maven\repository\mysql\mysql-connector-java\8.0.13\mysql-connector-java-8.0.13.jar;G:\IDEA\maven\repository\com\alibaba\druid\1.1.3\druid-1.1.3.jar;G:\IDEA\maven\repository\org\mybatis\spring\boot\mybatis-spring-boot-starter\1.3.1\mybatis-spring-boot-starter-1.3.1.jar;G:\IDEA\maven\repository\org\springframework\boot\spring-boot-starter-jdbc\2.1.4.RELEASE\spring-boot-starter-jdbc-2.1.4.RELEASE.jar;G:\IDEA\maven\repository\com\zaxxer\HikariCP\3.2.0\HikariCP-3.2.0.jar;G:\IDEA\maven\repository\org\springframework\spring-jdbc\5.1.6.RELEASE\spring-jdbc-5.1.6.RELEASE.jar;G:\IDEA\maven\repository\org\springframework\spring-tx\5.1.6.RELEASE\spring-tx-5.1.6.RELEASE.jar;G:\IDEA\maven\repository\org\mybatis\spring\boot\mybatis-spring-boot-autoconfigure\1.3.1\mybatis-spring-boot-autoconfigure-1.3.1.jar;G:\IDEA\maven\repository\org\mybatis\mybatis\3.4.5\mybatis-3.4.5.jar;G:\IDEA\maven\repository\org\mybatis\mybatis-spring\1.3.1\mybatis-spring-1.3.1.jar;G:\IDEA\maven\repository\org\apache\commons\commons-lang3\3.4\commons-lang3-3.4.jar;G:\IDEA\maven\repository\org\hibernate\validator\hibernate-validator\6.0.13.Final\hibernate-validator-6.0.13.Final.jar;G:\IDEA\maven\repository\javax\validation\validation-api\2.0.1.Final\validation-api-2.0.1.Final.jar;G:\IDEA\maven\repository\org\jboss\logging\jboss-logging\3.3.2.Final\jboss-logging-3.3.2.Final.jar;G:\IDEA\maven\repository\com\fasterxml\classmate\1.4.0\classmate-1.4.0.jar;G:\IDEA\maven\repository\org\slf4j\slf4j-api\1.7.25\slf4j-api-1.7.25.jar;G:\IDEA\maven\repository\org\slf4j\slf4j-log4j12\1.7.25\slf4j-log4j12-1.7.25.jar;G:\IDEA\maven\repository\log4j\log4j\1.2.17\log4j-1.2.17.jar;"/>
    <property name="java.vm.vendor" value="Oracle Corporation"/>
    <property name="sun.arch.data.model" value="64"/>
    <property name="user.variant" value=""/>
    <property name="java.vendor.url" value="https://java.oracle.com/"/>
    <property name="user.timezone" value="Asia/Shanghai"/>
    <property name="os.name" value="Windows 10"/>
    <property name="java.vm.specification.version" value="12"/>
    <property name="sun.java.launcher" value="SUN_STANDARD"/>
    <property name="user.country" value="CN"/>
    <property name="sun.boot.library.path" value="G:\Java\jdk-12.0.1\bin"/>
    <property name="sun.java.command" value="C:\Users\俊\AppData\Local\Temp\surefire2110681790522821282\surefirebooter13435582142282451810.jar C:\Users\俊\AppData\Local\Temp\surefire2110681790522821282 2021-05-08T10-26-31_592-jvmRun1 surefire8272985715665702778tmp surefire_016631537485650764578tmp"/>
    <property name="jdk.debug" value="release"/>
    <property name="surefire.test.class.path" value="E:\Android\MyGraduationServer\target\test-classes;E:\Android\MyGraduationServer\target\classes;G:\IDEA\maven\repository\junit\junit\4.11\junit-4.11.jar;G:\IDEA\maven\repository\org\hamcrest\hamcrest-core\1.3\hamcrest-core-1.3.jar;G:\IDEA\maven\repository\com\sun\mail\javax.mail\1.6.2\javax.mail-1.6.2.jar;G:\IDEA\maven\repository\javax\activation\activation\1.1\activation-1.1.jar;G:\IDEA\maven\repository\org\springframework\boot\spring-boot-starter-web\2.1.4.RELEASE\spring-boot-starter-web-2.1.4.RELEASE.jar;G:\IDEA\maven\repository\org\springframework\boot\spring-boot-starter\2.1.4.RELEASE\spring-boot-starter-2.1.4.RELEASE.jar;G:\IDEA\maven\repository\org\springframework\boot\spring-boot\2.1.4.RELEASE\spring-boot-2.1.4.RELEASE.jar;G:\IDEA\maven\repository\org\springframework\boot\spring-boot-autoconfigure\2.1.4.RELEASE\spring-boot-autoconfigure-2.1.4.RELEASE.jar;G:\IDEA\maven\repository\org\springframework\boot\spring-boot-starter-logging\2.1.4.RELEASE\spring-boot-starter-logging-2.1.4.RELEASE.jar;G:\IDEA\maven\repository\ch\qos\logback\logback-classic\1.2.3\logback-classic-1.2.3.jar;G:\IDEA\maven\repository\ch\qos\logback\logback-core\1.2.3\logback-core-1.2.3.jar;G:\IDEA\maven\repository\org\apache\logging\log4j\log4j-to-slf4j\2.11.2\log4j-to-slf4j-2.11.2.jar;G:\IDEA\maven\repository\org\apache\logging\log4j\log4j-api\2.11.2\log4j-api-2.11.2.jar;G:\IDEA\maven\repository\org\slf4j\jul-to-slf4j\1.7.26\jul-to-slf4j-1.7.26.jar;G:\IDEA\maven\repository\javax\annotation\javax.annotation-api\1.3.2\javax.annotation-api-1.3.2.jar;G:\IDEA\maven\repository\org\springframework\spring-core\5.1.6.RELEASE\spring-core-5.1.6.RELEASE.jar;G:\IDEA\maven\repository\org\springframework\spring-jcl\5.1.6.RELEASE\spring-jcl-5.1.6.RELEASE.jar;G:\IDEA\maven\repository\org\yaml\snakeyaml\1.23\snakeyaml-1.23.jar;G:\IDEA\maven\repository\org\springframework\boot\spring-boot-starter-json\2.1.4.RELEASE\spring-boot-starter-json-2.1.4.RELEASE.jar;G:\IDEA\maven\repository\com\fasterxml\jackson\core\jackson-databind\2.9.8\jackson-databind-2.9.8.jar;G:\IDEA\maven\repository\com\fasterxml\jackson\core\jackson-annotations\2.9.0\jackson-annotations-2.9.0.jar;G:\IDEA\maven\repository\com\fasterxml\jackson\core\jackson-core\2.9.8\jackson-core-2.9.8.jar;G:\IDEA\maven\repository\com\fasterxml\jackson\datatype\jackson-datatype-jdk8\2.9.8\jackson-datatype-jdk8-2.9.8.jar;G:\IDEA\maven\repository\com\fasterxml\jackson\datatype\jackson-datatype-jsr310\2.9.8\jackson-datatype-jsr310-2.9.8.jar;G:\IDEA\maven\repository\com\fasterxml\jackson\module\jackson-module-parameter-names\2.9.8\jackson-module-parameter-names-2.9.8.jar;G:\IDEA\maven\repository\org\springframework\boot\spring-boot-starter-tomcat\2.1.4.RELEASE\spring-boot-starter-tomcat-2.1.4.RELEASE.jar;G:\IDEA\maven\repository\org\apache\tomcat\embed\tomcat-embed-core\9.0.17\tomcat-embed-core-9.0.17.jar;G:\IDEA\maven\repository\org\apache\tomcat\embed\tomcat-embed-el\9.0.17\tomcat-embed-el-9.0.17.jar;G:\IDEA\maven\repository\org\apache\tomcat\embed\tomcat-embed-websocket\9.0.17\tomcat-embed-websocket-9.0.17.jar;G:\IDEA\maven\repository\org\springframework\spring-web\5.1.6.RELEASE\spring-web-5.1.6.RELEASE.jar;G:\IDEA\maven\repository\org\springframework\spring-beans\5.1.6.RELEASE\spring-beans-5.1.6.RELEASE.jar;G:\IDEA\maven\repository\org\springframework\spring-webmvc\5.1.6.RELEASE\spring-webmvc-5.1.6.RELEASE.jar;G:\IDEA\maven\repository\org\springframework\spring-aop\5.1.6.RELEASE\spring-aop-5.1.6.RELEASE.jar;G:\IDEA\maven\repository\org\springframework\spring-context\5.1.6.RELEASE\spring-context-5.1.6.RELEASE.jar;G:\IDEA\maven\repository\org\springframework\spring-expression\5.1.6.RELEASE\spring-expression-5.1.6.RELEASE.jar;G:\IDEA\maven\repository\mysql\mysql-connector-java\8.0.13\mysql-connector-java-8.0.13.jar;G:\IDEA\maven\repository\com\alibaba\druid\1.1.3\druid-1.1.3.jar;G:\IDEA\maven\repository\org\mybatis\spring\boot\mybatis-spring-boot-starter\1.3.1\mybatis-spring-boot-starter-1.3.1.jar;G:\IDEA\maven\repository\org\springframework\boot\spring-boot-starter-jdbc\2.1.4.RELEASE\spring-boot-starter-jdbc-2.1.4.RELEASE.jar;G:\IDEA\maven\repository\com\zaxxer\HikariCP\3.2.0\HikariCP-3.2.0.jar;G:\IDEA\maven\repository\org\springframework\spring-jdbc\5.1.6.RELEASE\spring-jdbc-5.1.6.RELEASE.jar;G:\IDEA\maven\repository\org\springframework\spring-tx\5.1.6.RELEASE\spring-tx-5.1.6.RELEASE.jar;G:\IDEA\maven\repository\org\mybatis\spring\boot\mybatis-spring-boot-autoconfigure\1.3.1\mybatis-spring-boot-autoconfigure-1.3.1.jar;G:\IDEA\maven\repository\org\mybatis\mybatis\3.4.5\mybatis-3.4.5.jar;G:\IDEA\maven\repository\org\mybatis\mybatis-spring\1.3.1\mybatis-spring-1.3.1.jar;G:\IDEA\maven\repository\org\apache\commons\commons-lang3\3.4\commons-lang3-3.4.jar;G:\IDEA\maven\repository\org\hibernate\validator\hibernate-validator\6.0.13.Final\hibernate-validator-6.0.13.Final.jar;G:\IDEA\maven\repository\javax\validation\validation-api\2.0.1.Final\validation-api-2.0.1.Final.jar;G:\IDEA\maven\repository\org\jboss\logging\jboss-logging\3.3.2.Final\jboss-logging-3.3.2.Final.jar;G:\IDEA\maven\repository\com\fasterxml\classmate\1.4.0\classmate-1.4.0.jar;G:\IDEA\maven\repository\org\slf4j\slf4j-api\1.7.25\slf4j-api-1.7.25.jar;G:\IDEA\maven\repository\org\slf4j\slf4j-log4j12\1.7.25\slf4j-log4j12-1.7.25.jar;G:\IDEA\maven\repository\log4j\log4j\1.2.17\log4j-1.2.17.jar;"/>
    <property name="sun.cpu.endian" value="little"/>
    <property name="user.home" value="C:\Users\俊"/>
    <property name="user.language" value="zh"/>
    <property name="java.specification.vendor" value="Oracle Corporation"/>
    <property name="java.version.date" value="2019-04-16"/>
    <property name="java.home" value="G:\Java\jdk-12.0.1"/>
    <property name="file.separator" value="\"/>
    <property name="basedir" value="E:\Android\MyGraduationServer"/>
    <property name="java.vm.compressedOopsMode" value="Zero based"/>
    <property name="line.separator" value="&#10;"/>
    <property name="java.vm.specification.vendor" value="Oracle Corporation"/>
    <property name="java.specification.name" value="Java Platform API Specification"/>
    <property name="java.awt.graphicsenv" value="sun.awt.Win32GraphicsEnvironment"/>
    <property name="surefire.real.class.path" value="C:\Users\俊\AppData\Local\Temp\surefire2110681790522821282\surefirebooter13435582142282451810.jar"/>
    <property name="user.script" value=""/>
    <property name="sun.management.compiler" value="HotSpot 64-Bit Tiered Compilers"/>
    <property name="java.runtime.version" value="12.0.1+12"/>
    <property name="user.name" value="俊"/>
    <property name="path.separator" value=";"/>
    <property name="os.version" value="10.0"/>
    <property name="java.runtime.name" value="Java(TM) SE Runtime Environment"/>
    <property name="file.encoding" value="GBK"/>
    <property name="java.vm.name" value="Java HotSpot(TM) 64-Bit Server VM"/>
    <property name="localRepository" value="G:\IDEA\maven\repository"/>
    <property name="java.vendor.url.bug" value="https://bugreport.java.com/bugreport/"/>
    <property name="java.io.tmpdir" value="C:\Users\俊\AppData\Local\Temp\"/>
    <property name="idea.version" value="2020.2.3"/>
    <property name="java.version" value="12.0.1"/>
    <property name="user.dir" value="E:\Android\MyGraduationServer"/>
    <property name="os.arch" value="amd64"/>
    <property name="java.vm.specification.name" value="Java Virtual Machine Specification"/>
    <property name="sun.os.patch.level" value=""/>
    <property name="java.library.path" value="G:\Java\jdk-12.0.1\bin;C:\WINDOWS\Sun\Java\bin;C:\WINDOWS\system32;C:\WINDOWS;G:\Xshell\;G:\SDK;G:\SDK\Platform-tools;;G:\Java\jdk-12.0.1\bin;C:\Program Files (x86)\Intel\iCLS Client\;C:\Program Files\Intel\iCLS Client\;C:\Windows\system32;C:\Windows;C:\Windows\System32\Wbem;C:\Windows\System32\WindowsPowerShell\v1.0\;C:\Program Files (x86)\Intel\Intel(R) Management Engine Components\DAL;C:\Program Files\Intel\Intel(R) Management Engine Components\DAL;C:\Program Files (x86)\Intel\Intel(R) Management Engine Components\IPT;C:\Program Files\Intel\Intel(R) Management Engine Components\IPT;C:\WINDOWS\system32;C:\WINDOWS;C:\WINDOWS\System32\Wbem;C:\WINDOWS\System32\WindowsPowerShell\v1.0\;C:\WINDOWS\System32\OpenSSH\;G:\MATLAB\runtime\win64;G:\MATLAB\bin;G:\MATLAB\polyspace\bin;%QUARTUS_ROOTDIR%\bin;%QUARTUS_ROOTDIR%\win;%QESS_ROOTDIR%\bin;G:\nodejs\;G:\nodejs;G:\nodejs\node_global;G:\nodejs\node_global;G:\Git\cmd;;C:\Program Files (x86)\NVIDIA Corporation\PhysX\Common;C:\Program Files\NVIDIA Corporation\NVIDIA NvDLISR;C:\Users\俊\AppData\Local\Microsoft\WindowsApps;G:\nodejs\node_global;;G:\IDEA\IntelliJ IDEA 2020.1\bin;;."/>
    <property name="java.vm.info" value="mixed mode, sharing"/>
    <property name="java.vendor" value="Oracle Corporation"/>
    <property name="java.vm.version" value="12.0.1+12"/>
    <property name="sun.io.unicode.encoding" value="UnicodeLittle"/>
    <property name="maven.repo.local" value="G:\IDEA\maven\repository"/>
    <property name="java.class.version" value="56.0"/>
  </properties>
  <testcase name="shouldAnswerWithTrue" classname="top.baixiaosheng.mygraduationserver.AppTest" time="0.002"/>
</testsuite>